Copyright 1986-2018 Xilinx, Inc. All Rights Reserved.
------------------------------------------------------------------------------------
| Tool Version : Vivado v.2018.1 (win64) Build 2188600 Wed Apr  4 18:40:38 MDT 2018
| Date         : Tue Jul 31 21:27:26 2018
| Host         : laptopASUS running 64-bit major release  (build 9200)
| Command      : report_control_sets -verbose -file top_control_sets_placed.rpt
| Design       : top
| Device       : xc7a35t
------------------------------------------------------------------------------------

Control Set Information

Table of Contents
-----------------
1. Summary
2. Histogram
3. Flip-Flop Distribution
4. Detailed Control Set Information

1. Summary
----------

+----------------------------------------------------------+-------+
|                          Status                          | Count |
+----------------------------------------------------------+-------+
| Number of unique control sets                            |     7 |
| Unused register locations in slices containing registers |    29 |
+----------------------------------------------------------+-------+


2. Histogram
------------

+--------+--------------+
| Fanout | Control Sets |
+--------+--------------+
|      2 |            1 |
|     11 |            1 |
|     12 |            1 |
|    16+ |            4 |
+--------+--------------+


3. Flip-Flop Distribution
-------------------------

+--------------+-----------------------+------------------------+-----------------+--------------+
| Clock Enable | Synchronous Set/Reset | Asynchronous Set/Reset | Total Registers | Total Slices |
+--------------+-----------------------+------------------------+-----------------+--------------+
| No           | No                    | No                     |              11 |            7 |
| No           | No                    | Yes                    |               0 |            0 |
| No           | Yes                   | No                     |             162 |           39 |
| Yes          | No                    | No                     |             181 |           49 |
| Yes          | No                    | Yes                    |               0 |            0 |
| Yes          | Yes                   | No                     |            1745 |          274 |
+--------------+-----------------------+------------------------+-----------------+--------------+


4. Detailed Control Set Information
-----------------------------------

+------------------+---------------------------------------------------------------------+-----------------------------------------------------------+------------------+----------------+
|   Clock Signal   |                            Enable Signal                            |                      Set/Reset Signal                     | Slice Load Count | Bel Load Count |
+------------------+---------------------------------------------------------------------+-----------------------------------------------------------+------------------+----------------+
|  newClock_BUFG   | const/hexToSinXp/sinXp/sinX/sin_wavePWM/PWM_counter/PWM_pulse_reg_2 | const/reset_reg                                           |                1 |              2 |
|  newClock_BUFG   |                                                                     |                                                           |                7 |             11 |
|  newClock_BUFG   | const/hexToSinXp/sinXp/sinX/clockNew/previous_offset                | const/hexToSinXp/sinXp/sinX/clockNew/sample_select_reg[5] |                3 |             12 |
|  JA_OBUF_BUFG[6] |                                                                     | sin_wavePWM/PWM_counter/SR[0]                             |                7 |             30 |
|  newClock_BUFG   |                                                                     | const/reset_reg                                           |               32 |            132 |
|  newClock_BUFG   | const/hexToSinXp/sinXp/hexSending                                   |                                                           |               98 |            362 |
|  newClock_BUFG   | const/hexToSinXp/sinXp/hexSending                                   | const/reset_reg                                           |              270 |           1731 |
+------------------+---------------------------------------------------------------------+-----------------------------------------------------------+------------------+----------------+


